<?xml version="1.0" encoding="UTF-8"?>
<testsuite xmlns:xsi="http://www.w3.org/2001/XMLSchema-instance" xsi:noNamespaceSchemaLocation="https://maven.apache.org/surefire/maven-surefire-plugin/xsd/surefire-test-report-3.0.xsd" version="3.0" name="georgekalo.LRUCacheTest" time="0.068" tests="6" errors="0" skipped="0" failures="0">
  <properties>
[...]
</properties>
  <testcase name="testStressTestLFU" classname="georgekalo.LRUCacheTest" time="0.012"/>
  <testcase name="testStressTestLRU" classname="georgekalo.LRUCacheTest" time="0.001"/>
  <testcase name="testEdgeCases" classname="georgekalo.LRUCacheTest" time="0.001"/>
  <testcase name="testLRUBasicFunctionality" classname="georgekalo.LRUCacheTest" time="0.0"/>
  <testcase name="testMRUBasicFunctionality" classname="georgekalo.LRUCacheTest" time="0.0"/>
  <testcase name="testLFUBasicFunctionality" classname="georgekalo.LRUCacheTest" time="0.001"/>
</testsuite>