<?xml version="1.0" encoding="UTF-8"?>
<testsuite xmlns:xsi="http://www.w3.org/2001/XMLSchema-instance" xsi:noNamespaceSchemaLocation="https://maven.apache.org/surefire/maven-surefire-plugin/xsd/surefire-test-report-3.0.xsd" version="3.0" name="georgekalo.LRUCacheTest" time="0.13" tests="3" errors="0" skipped="0" failures="0">
  <properties>
[...]
</properties>
  <testcase name="testBasicFunctionality" classname="georgekalo.LRUCacheTest" time="0.037">
    <system-out><![CDATA[Adding key: 1 with value: A
Key 1 added to cache.
Cache state: [1=A] 
Adding key: 2 with value: B
Key 2 added to cache.
Cache state: [1=A] [2=B] 
Adding key: 3 with value: C
Key 3 added to cache.
Cache state: [1=A] [2=B] [3=C] 
Cache state after adding 1, 2, 3:
Cache state: [1=A] [2=B] [3=C] 
Cache hit for key: 1
Key 1 moved to tail for LRU.
Cache state: [2=B] [3=C] [1=A] 
Cache state after accessing key 1:
Cache state: [2=B] [3=C] [1=A] 
Adding key: 4 with value: D
Evicted key (LRU): 2
Key 4 added to cache.
Cache state: [3=C] [1=A] [4=D] 
Cache state after adding key 4:
Cache state: [3=C] [1=A] [4=D] 
Cache miss for key: 2
Cache hit for key: 4
Key 4 moved to tail for LRU.
Cache state: [3=C] [1=A] [4=D] 
Cache state after accessing key 4:
Cache state: [3=C] [1=A] [4=D] 
]]></system-out>
  </testcase>
  <testcase name="testStressTest" classname="georgekalo.LRUCacheTest" time="0.02">
    <system-out><![CDATA[Adding key: 1 with value: 1
Key 1 added to cache.
Cache state: [1=1] 
Adding key: 2 with value: 2
Key 2 added to cache.
Cache state: [1=1] [2=2] 
Adding key: 3 with value: 3
Key 3 added to cache.
Cache state: [1=1] [2=2] [3=3] 
Adding key: 4 with value: 4
Key 4 added to cache.
Cache state: [1=1] [2=2] [3=3] [4=4] 
Adding key: 5 with value: 5
Key 5 added to cache.
Cache state: [1=1] [2=2] [3=3] [4=4] [5=5] 
Adding key: 6 with value: 6
Evicted key (LRU): 1
Key 6 added to cache.
Cache state: [2=2] [3=3] [4=4] [5=5] [6=6] 
Cache state after adding key 6:
Cache state: [2=2] [3=3] [4=4] [5=5] [6=6] 
Adding key: 7 with value: 7
Evicted key (LRU): 2
Key 7 added to cache.
Cache state: [3=3] [4=4] [5=5] [6=6] [7=7] 
Cache state after adding key 7:
Cache state: [3=3] [4=4] [5=5] [6=6] [7=7] 
Adding key: 8 with value: 8
Evicted key (LRU): 3
Key 8 added to cache.
Cache state: [4=4] [5=5] [6=6] [7=7] [8=8] 
Cache state after adding key 8:
Cache state: [4=4] [5=5] [6=6] [7=7] [8=8] 
Adding key: 9 with value: 9
Evicted key (LRU): 4
Key 9 added to cache.
Cache state: [5=5] [6=6] [7=7] [8=8] [9=9] 
Cache state after adding key 9:
Cache state: [5=5] [6=6] [7=7] [8=8] [9=9] 
Adding key: 10 with value: 10
Evicted key (LRU): 5
Key 10 added to cache.
Cache state: [6=6] [7=7] [8=8] [9=9] [10=10] 
Cache state after adding key 10:
Cache state: [6=6] [7=7] [8=8] [9=9] [10=10] 
Cache miss for key: 1
Cache miss for key: 2
Cache miss for key: 3
Cache miss for key: 4
Cache miss for key: 5
Cache hit for key: 6
Key 6 moved to tail for LRU.
Cache state: [7=7] [8=8] [9=9] [10=10] [6=6] 
Cache hit for key: 7
Key 7 moved to tail for LRU.
Cache state: [8=8] [9=9] [10=10] [6=6] [7=7] 
Cache hit for key: 8
Key 8 moved to tail for LRU.
Cache state: [9=9] [10=10] [6=6] [7=7] [8=8] 
Cache hit for key: 9
Key 9 moved to tail for LRU.
Cache state: [10=10] [6=6] [7=7] [8=8] [9=9] 
Cache hit for key: 10
Key 10 moved to tail for LRU.
Cache state: [6=6] [7=7] [8=8] [9=9] [10=10] 
]]></system-out>
  </testcase>
  <testcase name="testEdgeCases" classname="georgekalo.LRUCacheTest" time="0.006">
    <system-out><![CDATA[Adding key: 1 with value: A
Key 1 added to cache.
Cache state: [1=A] 
Cache state after adding key 1:
Cache state: [1=A] 
Cache hit for key: 1
Key 1 moved to tail for LRU.
Cache state: [1=A] 
Adding key: 2 with value: B
Key 2 added to cache.
Cache state: [1=A] [2=B] 
Cache state after adding key 2:
Cache state: [1=A] [2=B] 
Adding key: 3 with value: C
Evicted key (LRU): 1
Key 3 added to cache.
Cache state: [2=B] [3=C] 
Cache state after adding key 3:
Cache state: [2=B] [3=C] 
Cache miss for key: 1
Cache hit for key: 2
Key 2 moved to tail for LRU.
Cache state: [3=C] [2=B] 
Cache hit for key: 3
Key 3 moved to tail for LRU.
Cache state: [2=B] [3=C] 
]]></system-out>
  </testcase>
</testsuite>